<?xml version="1.0" encoding="UTF-8"?>
<!-- Generated by org.testng.reporters.JUnitReportReporter -->
<testsuite hostname="DESKTOP-2844KO1" failures="0" tests="4" name="TestCases.TestCreate" time="17.740" errors="0" timestamp="07 Feb 2018 16:30:05 GMT" skipped="0">
  <testcase classname="TestCases.TestCreate" name="Login" time="3.726"/>
  <testcase classname="TestCases.TestCreate" name="Branch" time="5.102"/>
  <testcase classname="TestCases.TestCreate" name="Staff" time="6.544"/>
  <testcase classname="TestCases.TestCreate" name="Logout" time="2.368"/>
</testsuite> <!-- TestCases.TestCreate -->
