<?xml version="1.0" encoding="UTF-8"?>
<!-- Generated by org.testng.reporters.JUnitReportReporter -->
<testsuite hostname="DESKTOP-2844KO1" failures="0" tests="2" name="TestCases.TestLogin" time="17.976" errors="0" timestamp="07 Feb 2018 16:30:05 GMT" skipped="0">
  <testcase classname="TestCases.TestLogin" name="UserInformation" time="6.414"/>
  <testcase classname="TestCases.TestLogin" name="RememberLogin" time="11.562"/>
</testsuite> <!-- TestCases.TestLogin -->
