<?xml version="1.0" encoding="UTF-8"?>
<!-- Generated by org.testng.reporters.JUnitReportReporter -->
<testsuite hostname="DESKTOP-2844KO1" failures="0" tests="5" name="TestCases.TestDelete" time="21.606" errors="0" timestamp="07 Feb 2018 16:30:05 GMT" skipped="0">
  <testcase classname="TestCases.TestDelete" name="Login" time="3.711"/>
  <testcase classname="TestCases.TestDelete" name="DeteleBranchFirst" time="5.733"/>
  <testcase classname="TestCases.TestDelete" name="DeleteStaff" time="3.928"/>
  <testcase classname="TestCases.TestDelete" name="DeleteBranch" time="4.371"/>
  <testcase classname="TestCases.TestDelete" name="Logout" time="3.863"/>
</testsuite> <!-- TestCases.TestDelete -->
