<?xml version="1.0" encoding="UTF-8"?>
<!-- Generated by org.testng.reporters.JUnitReportReporter -->
<testsuite hostname="DESKTOP-2844KO1" failures="0" tests="4" name="TestCases.TestRegisterUser" time="22.301" errors="0" timestamp="07 Feb 2018 16:30:05 GMT" skipped="0">
  <testcase classname="TestCases.TestRegisterUser" name="Register" time="2.617"/>
  <testcase classname="TestCases.TestRegisterUser" name="NewUserInformation" time="6.089"/>
  <testcase classname="TestCases.TestRegisterUser" name="NewEmailInformation" time="4.425"/>
  <testcase classname="TestCases.TestRegisterUser" name="NewPasswordInformation" time="9.170"/>
</testsuite> <!-- TestCases.TestRegisterUser -->
