<?xml version="1.0" encoding="UTF-8"?>
<!-- Generated by org.testng.reporters.JUnitReportReporter -->
<testsuite hostname="DESKTOP-2844KO1" failures="0" tests="4" name="TestCases.TestEdit" time="17.211" errors="0" timestamp="07 Feb 2018 16:30:05 GMT" skipped="0">
  <testcase classname="TestCases.TestEdit" name="Login" time="3.646"/>
  <testcase classname="TestCases.TestEdit" name="EditBranch" time="5.604"/>
  <testcase classname="TestCases.TestEdit" name="EditStaff" time="5.597"/>
  <testcase classname="TestCases.TestEdit" name="Logout" time="2.364"/>
</testsuite> <!-- TestCases.TestEdit -->
