<?xml version="1.0" encoding="UTF-8"?>
<!-- Generated by org.testng.reporters.JUnitReportReporter -->
<testsuite hostname="DESKTOP-2844KO1" failures="0" tests="4" name="TestCases.TestView" time="13.475" errors="0" timestamp="07 Feb 2018 16:30:05 GMT" skipped="0">
  <testcase classname="TestCases.TestView" name="Login" time="3.655"/>
  <testcase classname="TestCases.TestView" name="ViewBranch" time="3.718"/>
  <testcase classname="TestCases.TestView" name="ViewStaff" time="3.688"/>
  <testcase classname="TestCases.TestView" name="Logout" time="2.414"/>
</testsuite> <!-- TestCases.TestView -->
