<?xml version="1.0" encoding="UTF-8"?>
<!-- Generated by org.testng.reporters.JUnitReportReporter -->
<testsuite hostname="DESKTOP-2844KO1" failures="0" tests="4" name="TestCases.TestBranchStaffCreationInfo" time="26.623" errors="0" timestamp="07 Feb 2018 16:30:05 GMT" skipped="0">
  <testcase classname="TestCases.TestBranchStaffCreationInfo" name="Login" time="3.747"/>
  <testcase classname="TestCases.TestBranchStaffCreationInfo" name="BranchCreationInfo" time="11.481"/>
  <testcase classname="TestCases.TestBranchStaffCreationInfo" name="StaffCreationInfo" time="9.032"/>
  <testcase classname="TestCases.TestBranchStaffCreationInfo" name="Logout" time="2.363"/>
</testsuite> <!-- TestCases.TestBranchStaffCreationInfo -->
