<?xml version="1.0" encoding="UTF-8"?>
<!-- Generated by org.testng.reporters.JUnitReportReporter -->
<testsuite hostname="DESKTOP-2844KO1" failures="0" tests="4" name="TestCases.TestPassword" time="20.390" errors="0" timestamp="07 Feb 2018 16:30:05 GMT" skipped="0">
  <testcase classname="TestCases.TestPassword" name="Login" time="3.746"/>
  <testcase classname="TestCases.TestPassword" name="PasswordInformation" time="0.968"/>
  <testcase classname="TestCases.TestPassword" name="PasswordChange" time="13.271"/>
  <testcase classname="TestCases.TestPassword" name="Logout" time="2.405"/>
</testsuite> <!-- TestCases.TestPassword -->
